<?xml version="1.0" encoding="UTF-8"?>
<testng-results skipped="0" failed="0" ignored="0" total="1" passed="1">
  <reporter-output>
  </reporter-output>
  <suite name="Surefire suite" duration-ms="1454" started-at="2018-10-27T06:02:40Z" finished-at="2018-10-27T06:02:42Z">
    <groups>
    </groups>
    <test name="Surefire test" duration-ms="1454" started-at="2018-10-27T06:02:40Z" finished-at="2018-10-27T06:02:42Z">
      <class name="test.java.mars.rovers.test.MarsRoverPathTests">
        <test-method status="PASS" signature="springTestContextBeforeTestClass()[pri:0, instance:test.java.mars.rovers.test.MarsRoverPathTests@3b94d659]" name="springTestContextBeforeTestClass" is-config="true" duration-ms="28" started-at="2018-10-27T06:02:40Z" finished-at="2018-10-27T06:02:40Z">
          <reporter-output>
          </reporter-output>
        </test-method> <!-- springTestContextBeforeTestClass -->
        <test-method status="PASS" signature="springTestContextPrepareTestInstance()[pri:0, instance:test.java.mars.rovers.test.MarsRoverPathTests@3b94d659]" name="springTestContextPrepareTestInstance" is-config="true" duration-ms="1386" started-at="2018-10-27T06:02:40Z" depends-on-methods="org.springframework.test.context.testng.AbstractTestNGSpringContextTests.springTestContextBeforeTestClass" finished-at="2018-10-27T06:02:42Z">
          <reporter-output>
          </reporter-output>
        </test-method> <!-- springTestContextPrepareTestInstance -->
        <test-method status="PASS" signature="springTestContextBeforeTestMethod(java.lang.reflect.Method)[pri:0, instance:test.java.mars.rovers.test.MarsRoverPathTests@3b94d659]" name="springTestContextBeforeTestMethod" is-config="true" duration-ms="2" started-at="2018-10-27T06:02:42Z" finished-at="2018-10-27T06:02:42Z">
          <params>
            <param index="0">
              <value>
                <![CDATA[public void test.java.mars.rovers.test.MarsRoverPathTests.testSampleTestCases()]]>
              </value>
            </param>
          </params>
          <reporter-output>
          </reporter-output>
        </test-method> <!-- springTestContextBeforeTestMethod -->
        <test-method status="PASS" signature="testSampleTestCases()[pri:0, instance:test.java.mars.rovers.test.MarsRoverPathTests@3b94d659]" name="testSampleTestCases" duration-ms="5" started-at="2018-10-27T06:02:42Z" finished-at="2018-10-27T06:02:42Z">
          <reporter-output>
          </reporter-output>
        </test-method> <!-- testSampleTestCases -->
        <test-method status="PASS" signature="springTestContextAfterTestMethod(java.lang.reflect.Method)[pri:0, instance:test.java.mars.rovers.test.MarsRoverPathTests@3b94d659]" name="springTestContextAfterTestMethod" is-config="true" duration-ms="1" started-at="2018-10-27T06:02:42Z" finished-at="2018-10-27T06:02:42Z">
          <params>
            <param index="0">
              <value>
                <![CDATA[public void test.java.mars.rovers.test.MarsRoverPathTests.testSampleTestCases()]]>
              </value>
            </param>
          </params>
          <reporter-output>
          </reporter-output>
        </test-method> <!-- springTestContextAfterTestMethod -->
        <test-method status="PASS" signature="springTestContextAfterTestClass()[pri:0, instance:test.java.mars.rovers.test.MarsRoverPathTests@3b94d659]" name="springTestContextAfterTestClass" is-config="true" duration-ms="1" started-at="2018-10-27T06:02:42Z" finished-at="2018-10-27T06:02:42Z">
          <reporter-output>
          </reporter-output>
        </test-method> <!-- springTestContextAfterTestClass -->
      </class> <!-- test.java.mars.rovers.test.MarsRoverPathTests -->
    </test> <!-- Surefire test -->
  </suite> <!-- Surefire suite -->
</testng-results>
